C:\USERS\OMER\DOCUMENTS\VISUAL STUDIO 2012\PROJECTS\AIRPORT\AIRPORT\DEBUG\MAIN.OBJ
C:\USERS\OMER\DOCUMENTS\VISUAL STUDIO 2012\PROJECTS\AIRPORT\AIRPORT\DEBUG\QUEUE.OBJ
C:\USERS\OMER\DOCUMENTS\VISUAL STUDIO 2012\PROJECTS\AIRPORT\AIRPORT\DEBUG\VC110.PDB
C:\USERS\OMER\DOCUMENTS\VISUAL STUDIO 2012\PROJECTS\AIRPORT\DEBUG\AIRPORT.ILK
C:\USERS\OMER\DOCUMENTS\VISUAL STUDIO 2012\PROJECTS\AIRPORT\DEBUG\AIRPORT.EXE
C:\USERS\OMER\DOCUMENTS\VISUAL STUDIO 2012\PROJECTS\AIRPORT\DEBUG\AIRPORT.PDB
C:\Users\Omer\documents\visual studio 2012\Projects\Airport\Airport\Debug\main.obj
C:\Users\Omer\documents\visual studio 2012\Projects\Airport\Airport\Debug\queue.obj
C:\Users\Omer\documents\visual studio 2012\Projects\Airport\Airport\Debug\cl.command.1.tlog
C:\Users\Omer\documents\visual studio 2012\Projects\Airport\Airport\Debug\CL.read.1.tlog
C:\Users\Omer\documents\visual studio 2012\Projects\Airport\Airport\Debug\CL.write.1.tlog
C:\Users\Omer\documents\visual studio 2012\Projects\Airport\Airport\Debug\link-cvtres.read.1.tlog
C:\Users\Omer\documents\visual studio 2012\Projects\Airport\Airport\Debug\link-cvtres.write.1.tlog
C:\Users\Omer\documents\visual studio 2012\Projects\Airport\Airport\Debug\link-rc.read.1.tlog
C:\Users\Omer\documents\visual studio 2012\Projects\Airport\Airport\Debug\link-rc.write.1.tlog
C:\Users\Omer\documents\visual studio 2012\Projects\Airport\Airport\Debug\link.command.1.tlog
C:\Users\Omer\documents\visual studio 2012\Projects\Airport\Airport\Debug\link.read.1.tlog
C:\Users\Omer\documents\visual studio 2012\Projects\Airport\Airport\Debug\link.write.1.tlog
C:\Users\Omer\documents\visual studio 2012\Projects\Airport\Airport\Debug\vc110.idb
C:\Users\Omer\documents\visual studio 2012\Projects\Airport\Airport\Debug\vc110.pdb
C:\Users\Omer\documents\visual studio 2012\Projects\Airport\Debug\Airport.pdb
C:\Users\Omer\documents\visual studio 2012\Projects\Airport\Debug\Airport.exe
C:\Users\Omer\documents\visual studio 2012\Projects\Airport\Debug\Airport.ilk
